Arguments: 
  /Users/coderdiaz/.nvm/versions/node/v10.15.3/bin/node /Users/coderdiaz/.nvm/versions/node/v10.15.3/bin/yarn add @nest/common @nestjs/core dotenv reflect-metadata rxjs

PATH: 
  /Users/coderdiaz/.nvm/versions/node/v10.15.3/bin:/usr/local/opt/ruby/bin:/Users/coderdiaz/bin:/usr/local/bin:/usr/local/bin:/usr/bin:/bin:/usr/sbin:/sbin:/Users/coderdiaz/development/flutter/bin

Yarn version: 
  1.16.0

Node version: 
  10.15.3

Platform: 
  darwin x64

Trace: 
  Error: https://registry.yarnpkg.com/@nest%2fcommon: Not found
      at Request.params.callback [as _callback] (/Users/coderdiaz/.nvm/versions/node/v10.15.3/lib/node_modules/yarn/lib/cli.js:66091:18)
      at Request.self.callback (/Users/coderdiaz/.nvm/versions/node/v10.15.3/lib/node_modules/yarn/lib/cli.js:129590:22)
      at Request.emit (events.js:189:13)
      at Request.<anonymous> (/Users/coderdiaz/.nvm/versions/node/v10.15.3/lib/node_modules/yarn/lib/cli.js:130562:10)
      at Request.emit (events.js:189:13)
      at IncomingMessage.<anonymous> (/Users/coderdiaz/.nvm/versions/node/v10.15.3/lib/node_modules/yarn/lib/cli.js:130484:12)
      at Object.onceWrapper (events.js:277:13)
      at IncomingMessage.emit (events.js:194:15)
      at endReadableNT (_stream_readable.js:1125:12)
      at process._tickCallback (internal/process/next_tick.js:63:19)

npm manifest: 
  {
    "name": "rest-api-shopcart",
    "version": "0.1.0",
    "dependencies": {
      "@nestjs/common": "^6.2.0",
      "@nestjs/core": "^6.2.0",
      "dotenv": "^8.0.0",
      "reflect-metadata": "^0.1.13",
      "rxjs": "^6.5.2"
    }
  }

yarn manifest: 
  No manifest

Lockfile: 
  No lockfile
